<?xml version="1.0" encoding="UTF-8"?>
<testng-results skipped="0" failed="1" total="1" passed="0">
  <reporter-output>
    <line>
      <![CDATA[[Console Log] Screenshot saved in uitests.smoke.SampleTestClass_screenshot.png]]>
    </line>
    <line>
      <![CDATA[[Console Log] Screenshot saved in uitests.smoke.SampleTestClass_screenshot.png]]>
    </line>
  </reporter-output>
  <suite name="Smoke Test Suite" duration-ms="76437" started-at="2017-07-09T13:18:51Z" finished-at="2017-07-09T13:20:07Z">
    <groups>
      <group name="Smoke">
        <method signature="SampleTestClass.testMethod(java.lang.String)[pri:0, instance:[SampleTestClass passed=0 failed=0 skipped=0]]" name="testMethod" class="uitests.smoke.SampleTestClass"/>
      </group> <!-- Smoke -->
      <group name="SampleModule">
        <method signature="SampleTestClass.testMethod(java.lang.String)[pri:0, instance:[SampleTestClass passed=0 failed=0 skipped=0]]" name="testMethod" class="uitests.smoke.SampleTestClass"/>
      </group> <!-- SampleModule -->
    </groups>
    <test name="Sample Test Class Windows7 Firefox 32.0" duration-ms="76437" started-at="2017-07-09T13:18:51Z" finished-at="2017-07-09T13:20:07Z">
      <class name="uitests.smoke.SampleTestClass">
        <test-method status="PASS" signature="setUp()[pri:0, instance:[SampleTestClass passed=0 failed=0 skipped=0]]" name="setUp" is-config="true" duration-ms="69677" started-at="2017-07-09T18:48:51Z" finished-at="2017-07-09T18:50:01Z">
          <reporter-output>
          </reporter-output>
        </test-method> <!-- setUp -->
        <test-method status="FAIL" signature="testMethod(java.lang.String)[pri:0, instance:[SampleTestClass passed=0 failed=0 skipped=0]]" name="testMethod" duration-ms="1713" started-at="2017-07-09T18:50:01Z" finished-at="2017-07-09T18:50:02Z">
          <params>
            <param index="0">
              <value>
                <![CDATA[Hello There!]]>
              </value>
            </param>
          </params>
          <exception class="org.openqa.selenium.ElementNotVisibleException">
            <message>
              <![CDATA[element not visible
  (Session info: chrome=59.0.3071.115)
  (Driver info: chromedriver=2.30.477700 (0057494ad8732195794a7b32078424f92a5fce41),platform=Windows NT 6.1.7600 x86_64) (WARNING: The server did not provide any stacktrace information)
Command duration or timeout: 113 milliseconds
Build info: version: '2.44.0', revision: '76d78cf323ce037c5f92db6c1bba601c2ac43ad8', time: '2014-10-23 13:11:40'
System info: host: 'VidushiMishra', ip: '192.168.1.3', os.name: 'Windows 7', os.arch: 'amd64', os.version: '6.1', java.version: '1.7.0_80'
Session ID: e19a5207c94d4e58331fb6163575eeab
Driver info: org.openqa.selenium.chrome.ChromeDriver
Capabilities [{platform=XP, acceptSslCerts=true, javascriptEnabled=true, browserName=chrome, chrome={userDataDir=C:\Users\VIDUSH~1\AppData\Local\Temp\scoped_dir2672_15578, chromedriverVersion=2.30.477700 (0057494ad8732195794a7b32078424f92a5fce41)}, networkConnectionEnabled=false, unexpectedAlertBehaviour=, rotatable=false, locationContextEnabled=true, mobileEmulationEnabled=false, version=59.0.3071.115, pageLoadStrategy=normal, takesHeapSnapshot=true, cssSelectorsEnabled=true, databaseEnabled=false, handlesAlerts=true, browserConnectionEnabled=false, webStorageEnabled=true, nativeEvents=true, hasTouchScreen=false, applicationCacheEnabled=false, takesScreenshot=true}]]]>
            </message>
            <full-stacktrace>
              <![CDATA[org.openqa.selenium.ElementNotVisibleException: element not visible
  (Session info: chrome=59.0.3071.115)
  (Driver info: chromedriver=2.30.477700 (0057494ad8732195794a7b32078424f92a5fce41),platform=Windows NT 6.1.7600 x86_64) (WARNING: The server did not provide any stacktrace information)
Command duration or timeout: 113 milliseconds
Build info: version: '2.44.0', revision: '76d78cf323ce037c5f92db6c1bba601c2ac43ad8', time: '2014-10-23 13:11:40'
System info: host: 'VidushiMishra', ip: '192.168.1.3', os.name: 'Windows 7', os.arch: 'amd64', os.version: '6.1', java.version: '1.7.0_80'
Session ID: e19a5207c94d4e58331fb6163575eeab
Driver info: org.openqa.selenium.chrome.ChromeDriver
Capabilities [{platform=XP, acceptSslCerts=true, javascriptEnabled=true, browserName=chrome, chrome={userDataDir=C:\Users\VIDUSH~1\AppData\Local\Temp\scoped_dir2672_15578, chromedriverVersion=2.30.477700 (0057494ad8732195794a7b32078424f92a5fce41)}, networkConnectionEnabled=false, unexpectedAlertBehaviour=, rotatable=false, locationContextEnabled=true, mobileEmulationEnabled=false, version=59.0.3071.115, pageLoadStrategy=normal, takesHeapSnapshot=true, cssSelectorsEnabled=true, databaseEnabled=false, handlesAlerts=true, browserConnectionEnabled=false, webStorageEnabled=true, nativeEvents=true, hasTouchScreen=false, applicationCacheEnabled=false, takesScreenshot=true}]
	at sun.reflect.NativeConstructorAccessorImpl.newInstance0(Native Method)
	at sun.reflect.NativeConstructorAccessorImpl.newInstance(NativeConstructorAccessorImpl.java:57)
	at sun.reflect.DelegatingConstructorAccessorImpl.newInstance(DelegatingConstructorAccessorImpl.java:45)
	at java.lang.reflect.Constructor.newInstance(Constructor.java:526)
	at org.openqa.selenium.remote.ErrorHandler.createThrowable(ErrorHandler.java:204)
	at org.openqa.selenium.remote.ErrorHandler.throwIfResponseFailed(ErrorHandler.java:156)
	at org.openqa.selenium.remote.RemoteWebDriver.execute(RemoteWebDriver.java:599)
	at org.openqa.selenium.remote.RemoteWebElement.execute(RemoteWebElement.java:268)
	at org.openqa.selenium.remote.RemoteWebElement.click(RemoteWebElement.java:79)
	at uitests.smoke.SampleTestClass.testMethod(SampleTestClass.java:26)
	at sun.reflect.NativeMethodAccessorImpl.invoke0(Native Method)
	at sun.reflect.NativeMethodAccessorImpl.invoke(NativeMethodAccessorImpl.java:57)
	at sun.reflect.DelegatingMethodAccessorImpl.invoke(DelegatingMethodAccessorImpl.java:43)
	at java.lang.reflect.Method.invoke(Method.java:606)
	at org.testng.internal.MethodInvocationHelper.invokeMethod(MethodInvocationHelper.java:84)
	at org.testng.internal.Invoker.invokeMethod(Invoker.java:714)
	at org.testng.internal.Invoker.invokeTestMethod(Invoker.java:901)
	at org.testng.internal.Invoker.invokeTestMethods(Invoker.java:1231)
	at org.testng.internal.TestMethodWorker.invokeTestMethods(TestMethodWorker.java:127)
	at org.testng.internal.TestMethodWorker.run(TestMethodWorker.java:111)
	at org.testng.TestRunner.privateRun(TestRunner.java:767)
	at org.testng.TestRunner.run(TestRunner.java:617)
	at org.testng.SuiteRunner.runTest(SuiteRunner.java:348)
	at org.testng.SuiteRunner.access$000(SuiteRunner.java:38)
	at org.testng.SuiteRunner$SuiteWorker.run(SuiteRunner.java:382)
	at org.testng.internal.thread.ThreadUtil$2.call(ThreadUtil.java:64)
	at java.util.concurrent.FutureTask.run(FutureTask.java:262)
	at java.util.concurrent.ThreadPoolExecutor.runWorker(ThreadPoolExecutor.java:1145)
	at java.util.concurrent.ThreadPoolExecutor$Worker.run(ThreadPoolExecutor.java:615)
	at java.lang.Thread.run(Thread.java:745)
]]>
            </full-stacktrace>
          </exception> <!-- org.openqa.selenium.ElementNotVisibleException -->
          <reporter-output>
            <line>
              <![CDATA[[Console Log] Screenshot saved in uitests.smoke.SampleTestClass_screenshot.png]]>
            </line>
            <line>
              <![CDATA[[Console Log] Screenshot saved in uitests.smoke.SampleTestClass_screenshot.png]]>
            </line>
          </reporter-output>
        </test-method> <!-- testMethod -->
        <test-method status="PASS" signature="tearDown()[pri:0, instance:[SampleTestClass passed=0 failed=0 skipped=0]]" name="tearDown" is-config="true" duration-ms="2624" started-at="2017-07-09T18:50:05Z" finished-at="2017-07-09T18:50:07Z">
          <reporter-output>
          </reporter-output>
        </test-method> <!-- tearDown -->
      </class> <!-- uitests.smoke.SampleTestClass -->
    </test> <!-- Sample Test Class Windows7 Firefox 32.0 -->
  </suite> <!-- Smoke Test Suite -->
</testng-results>
